<?xml version="1.0" encoding="UTF-8"?>
<!-- Generated by org.testng.reporters.JUnitReportReporter -->
<testsuite hostname="LAPTOP-2DBSRI6Q" failures="0" tests="1" name="practice.SampleTest" time="0.007" errors="0" timestamp="2023-12-19T13:09:05 IST" skipped="0">
  <testcase classname="practice.SampleTest" name="m1" time="0.007"/>
</testsuite> <!-- practice.SampleTest -->
